#
# A fatal error has been detected by the Java Runtime Environment:
#
#  Internal Error (javaClasses.cpp:124), pid=6336, tid=4212
#  fatal error: Invalid layout of preloaded class
#
# JRE version:  (8.0-b132) (build )
# Java VM: Java HotSpot(TM) 64-Bit Server VM (25.0-b70 mixed mode windows-amd64 compressed oops)
# Failed to write core dump. Minidumps are not enabled by default on client versions of Windows
#
# If you would like to submit a bug report, please visit:
#   http://bugreport.sun.com/bugreport/crash.jsp
#

---------------  T H R E A D  ---------------

Current thread (0x0000000001de0800):  JavaThread "Unknown thread" [_thread_in_vm, id=4212, stack(0x0000000001ce0000,0x0000000001de0000)]

Stack: [0x0000000001ce0000,0x0000000001de0000]
Native frames: (J=compiled Java code, j=interpreted, Vv=VM code, C=native code)
V  [jvm.dll+0x308e0a]
V  [jvm.dll+0x25df11]
V  [jvm.dll+0x25eb2f]
V  [jvm.dll+0x256486]
V  [jvm.dll+0x5d36c]
V  [jvm.dll+0x5d463]
V  [jvm.dll+0x71d5a]
V  [jvm.dll+0x720b8]
V  [jvm.dll+0xe1637]
V  [jvm.dll+0xe19c6]
V  [jvm.dll+0x1f1407]
V  [jvm.dll+0x2227e4]
V  [jvm.dll+0x149f91]
C  [javaw.exe+0x208a]
C  [javaw.exe+0xc9db]
C  [javaw.exe+0xca6f]
C  [KERNEL32.DLL+0x16ad]
C  [ntdll.dll+0x74629]


---------------  P R O C E S S  ---------------

Java Threads: ( => current thread )

Other Threads:

=>0x0000000001de0800 (exited) JavaThread "Unknown thread" [_thread_in_vm, id=4212, stack(0x0000000001ce0000,0x0000000001de0000)]

VM state:not at safepoint (not fully initialized)

VM Mutex/Monitor currently owned by a thread: None

GC Heap History (0 events):
No events

Deoptimization events (0 events):
No events

Internal exceptions (0 events):
No events

Events (10 events):
Event: 0.030 loading class java/lang/CharSequence done
Event: 0.030 loading class java/lang/String done
Event: 0.031 loading class java/lang/Class
Event: 0.031 loading class java/lang/reflect/AnnotatedElement
Event: 0.031 loading class java/lang/reflect/AnnotatedElement done
Event: 0.031 loading class java/lang/reflect/GenericDeclaration
Event: 0.031 loading class java/lang/reflect/GenericDeclaration done
Event: 0.031 loading class java/lang/reflect/Type
Event: 0.031 loading class java/lang/reflect/Type done
Event: 0.031 loading class java/lang/Class done


Dynamic libraries:
0x00007ff674490000 - 0x00007ff6744c4000 	C:\Program Files\Java\jre8\bin\javaw.exe
0x00007ff841b30000 - 0x00007ff841cda000 	C:\WINDOWS\SYSTEM32\ntdll.dll
0x00007ff840be0000 - 0x00007ff840d1a000 	C:\WINDOWS\system32\KERNEL32.DLL
0x00007ff83f070000 - 0x00007ff83f17f000 	C:\WINDOWS\system32\KERNELBASE.dll
0x00007ff83d8c0000 - 0x00007ff83d948000 	C:\WINDOWS\system32\apphelp.dll
0x00007ff82a1f0000 - 0x00007ff82a23f000 	C:\WINDOWS\AppPatch\AppPatch64\AcGenral.DLL
0x00007ff8417b0000 - 0x00007ff841857000 	C:\WINDOWS\system32\msvcrt.dll
0x00007ff83ed50000 - 0x00007ff83ed7b000 	C:\WINDOWS\SYSTEM32\SspiCli.dll
0x00007ff840eb0000 - 0x00007ff840f01000 	C:\WINDOWS\system32\SHLWAPI.dll
0x00007ff840d30000 - 0x00007ff840ea1000 	C:\WINDOWS\system32\USER32.dll
0x00007ff8410b0000 - 0x00007ff841228000 	C:\WINDOWS\system32\ole32.dll
0x00007ff83f630000 - 0x00007ff840a47000 	C:\WINDOWS\system32\SHELL32.dll
0x00007ff83e530000 - 0x00007ff83e54e000 	C:\WINDOWS\SYSTEM32\USERENV.dll
0x00007ff841a00000 - 0x00007ff841aa5000 	C:\WINDOWS\system32\ADVAPI32.dll
0x00007ff831700000 - 0x00007ff83171b000 	C:\WINDOWS\SYSTEM32\MPR.dll
0x00007ff841230000 - 0x00007ff841366000 	C:\WINDOWS\system32\RPCRT4.dll
0x00007ff841370000 - 0x00007ff8413c7000 	C:\WINDOWS\SYSTEM32\sechost.dll
0x00007ff8415d0000 - 0x00007ff8417a6000 	C:\WINDOWS\SYSTEM32\combase.dll
0x00007ff8413d0000 - 0x00007ff841515000 	C:\WINDOWS\system32\GDI32.dll
0x00007ff83eea0000 - 0x00007ff83eeb4000 	C:\WINDOWS\SYSTEM32\profapi.dll
0x00007ff83d110000 - 0x00007ff83d1af000 	C:\WINDOWS\SYSTEM32\SHCORE.dll
0x00007ff83f5f0000 - 0x00007ff83f624000 	C:\WINDOWS\system32\IMM32.DLL
0x00007ff8418c0000 - 0x00007ff8419f9000 	C:\WINDOWS\system32\MSCTF.dll
0x00007ff83cbe0000 - 0x00007ff83ce3a000 	C:\WINDOWS\WinSxS\amd64_microsoft.windows.common-controls_6595b64144ccf1df_6.0.9600.17031_none_6242a4b3ecbb55a1\COMCTL32.dll
0x0000000050ae0000 - 0x0000000050bb2000 	C:\Program Files\Java\jre8\bin\msvcr100.dll
0x00000000502b0000 - 0x0000000050ada000 	C:\Program Files\Java\jre8\bin\server\jvm.dll
0x00007ff836f90000 - 0x00007ff836f99000 	C:\WINDOWS\SYSTEM32\WSOCK32.dll
0x00007ff83bdc0000 - 0x00007ff83bddf000 	C:\WINDOWS\SYSTEM32\WINMM.dll
0x00007ff840a70000 - 0x00007ff840a77000 	C:\WINDOWS\system32\PSAPI.DLL
0x00007ff83f590000 - 0x00007ff83f5e8000 	C:\WINDOWS\system32\WS2_32.dll
0x00007ff83b640000 - 0x00007ff83b66a000 	C:\WINDOWS\SYSTEM32\WINMMBASE.dll
0x00007ff840d20000 - 0x00007ff840d29000 	C:\WINDOWS\system32\NSI.dll
0x00007ff83f180000 - 0x00007ff83f1ca000 	C:\WINDOWS\SYSTEM32\cfgmgr32.dll
0x00007ff83dd20000 - 0x00007ff83dd46000 	C:\WINDOWS\SYSTEM32\DEVOBJ.dll
0x00000000502a0000 - 0x00000000502af000 	C:\Program Files\Java\jre8\bin\verify.dll
0x0000000050270000 - 0x0000000050298000 	C:\Program Files\Java\jre8\bin\java.dll
0x0000000050250000 - 0x0000000050266000 	C:\Program Files\Java\jre8\bin\zip.dll
0x00007ff82e0c0000 - 0x00007ff82e248000 	C:\WINDOWS\SYSTEM32\dbghelp.dll

VM Arguments:
jvm_args: -Dfile.encoding=Cp1252 -Xbootclasspath/p:C:\Program Files (x86)\Eclipse ADT\adt-bundle-windows-x86_64-20140321\sdk\platforms\android-19\android.jar 
java_command: rubiks.cs196.solveCube
java_class_path (initial): C:\Users\Andrew\git\CS196TrueCommit\bin\classes;C:\Users\Andrew\git\CS196TrueCommit\jpct-ae\lib\jpct_ae.jar
Launcher Type: SUN_STANDARD

Environment Variables:
CLASSPATH=.;C:\Program Files (x86)\Java\jre7\lib\ext\QTJava.zip
PATH=C:\PROGRA~1\PTC\MKSTOO~1\bin64;C:\PROGRA~1\PTC\MKSTOO~1\bin;C:\PROGRA~1\PTC\MKSTOO~1\bin\X11;C:\PROGRA~1\PTC\MKSTOO~1\mksnt;C:\Program Files (x86)\Intel\iCLS Client\;C:\Program Files\Intel\iCLS Client\;C:\Windows\system32;C:\Windows;C:\Windows\System32\Wbem;C:\Windows\System32\WindowsPowerShell\v1.0\;C:\Program Files\Intel\Intel(R) Management Engine Components\DAL;C:\Program Files\Intel\Intel(R) Management Engine Components\IPT;C:\Program Files (x86)\Intel\Intel(R) Management Engine Components\DAL;C:\Program Files (x86)\Intel\Intel(R) Management Engine Components\IPT;C:\Program Files\Intel\WiFi\bin\;C:\Program Files\Common Files\Intel\WirelessCommon\;C:\Users\Andrew\AppData\Local\Smartbar\Application\;C:\WINDOWS\system32;C:\WINDOWS;C:\WINDOWS\System32\Wbem;C:\WINDOWS\System32\WindowsPowerShell\v1.0\;C:\Program Files (x86)\QuickTime\QTSystem\;C:\Program Files (x86)\Windows Live\Shared;C:\Program Files\Intel\WiFi\bin\;C:\Program Files\Common Files\Intel\WirelessCommon\
USERNAME=Andrew
DISPLAY=:0.0
OS=Windows_NT
PROCESSOR_IDENTIFIER=Intel64 Family 6 Model 58 Stepping 9, GenuineIntel



---------------  S Y S T E M  ---------------

OS: Windows 8.1 , 64 bit Build 9600 

CPU:total 4 (2 cores per cpu, 2 threads per core) family 6 model 58 stepping 9, cmov, cx8, fxsr, mmx, sse, sse2, sse3, ssse3, sse4.1, sse4.2, popcnt, avx, aes, clmul, erms, ht, tsc, tscinvbit

Memory: 4k page, physical 8251912k(4479888k free), swap 9562632k(5057996k free)

vm_info: Java HotSpot(TM) 64-Bit Server VM (25.0-b70) for windows-amd64 JRE (1.8.0-b132), built on Mar  4 2014 03:46:18 by "java_re" with MS VC++ 10.0 (VS2010)

time: Mon Apr 28 18:18:14 2014
elapsed time: 0 seconds

